
================================================================================
FANTASY VALUE DATA PIPELINE
================================================================================

Data Sources:
  FantasyPros Projections: CACHE
  FanDuel Salaries: ALWAYS (local join)
  DraftKings Game Lines: CACHE
  DraftKings TD Odds: CACHE
  ESPN Player IDs: FETCH from API
  ESPN Projections: FETCH
  Regression Models: LOAD from cache

=== STEP 1: Loading Cached FantasyPros Data ===

  Loaded 45 QBs from fanduel-QB.csv
  Loaded 88 RBs from fanduel-RB.csv
  Loaded 111 WRs from fanduel-WR.csv
  Loaded 78 TEs from fanduel-TE.csv
  Loaded 0 Ds from fanduel-D.csv

=== STEP 2: Adding FanDuel Salaries ===

Reading from: FanDuel-NFL-2025 PST-11 PST-23 PST-123236-players-list.csv
EXCLUDED SALARIES (no match in FanDuel data):
  bo nix
  josh allen
  justin herbert
  davis mills
  mitchell trubisky
  trey lance
  jarrett stidham
  rj harvey
  woody marks
  james cook
  nick chubb
  kimani vidal
  tyler badie
  ty johnson
  ray davis
  jaleel mclaughlin
  jaret patterson
  dare ogunbowale
  adam prentice
  british brooks
  trayveon williams
  reggie gilliam
  amar johnson
  marvin mims
  pat bryant
  joshua palmer
  troy franklin
  khalil shakir
  courtland sutton
  jayden higgins
  ladd mcconkey
  quentin johnston
  keenan allen
  nico collins
  christian kirk
  keon coleman
  xavier hutchinson
  elijah moore
  tyrell shavers
  curtis samuel
  jaylin noel
  gabe davis
  tre harris
  liljordan humphrey
  evan engram
  dawson knox
  dalton schultz
  oronde gadsden
  jackson hawes
  adam trautman
  tyler conklin
  cade stover
  tucker fisk
  keleki latu
  luke lachey
  marcedes lewis

=== STEP 3: DraftKings Game Lines ===

  Using cached game_lines.csv

=== STEP 4: DraftKings TD Odds ===

  Using cached td_odds.json

EXCLUDED ODDS (no match in DraftKings data):
  bo nix
  caleb williams
  aaron rodgers
  justin herbert
  cam ward
  jameis winston
  jared goff
  dillon gabriel
  mac jones
  russell wilson
  jalen milroe
  mitchell trubisky
  joe milton
  tyler huntley
  malik willis
  jimmy garoppolo
  tyson bagent
  max brosmer
  jake browning
  trey lance
  tanner mckee
  andy dalton
  mason rudolph
  jarrett stidham
  nick mullens
  brandon allen
  josh jacobs
  rj harvey
  tyrone tracy
  aaron jones sr
  david montgomery
  emari demercado
  kenneth gainwell
  kimani vidal
  kyle monangai
  devin singletary
  tyler badie
  jaleel mclaughlin
  kaleb johnson
  jaret patterson
  clyde edwardshelaire
  adam prentice
  roschon johnson
  aj dillon
  brittain brown
  trayveon williams
  amar johnson
  travis homer
  sione vaki
  kendall milton
  cam akers
  marvin mims
  pat bryant
  troy franklin
  calvin austin
  olamide zaccheaus
  roman wilson
  courtland sutton
  dj moore
  luther burden
  ladd mcconkey
  jameson williams
  quentin johnston
  drake london
  keenan allen
  dyami brown
  gunner olszewski
  curtis samuel
  isaac teslaa
  kalif raymond
  gabe davis
  jalin hyatt
  tre harris
  isaiah hodgins
  bo melton
  liljordan humphrey
  colston loveland
  jonnu smith
  pat freiermuth
  evan engram
  darnell washington
  kyle pitts sr
  chig okonkwo
  theo johnson
  oronde gadsden
  cole kmet
  brock wright
  adam trautman
  daniel bellinger
  ross dwelley
  tyler conklin
  connor heyward
  tucker fisk
  durham smythe
  thomas fidone
  keleki latu
  robbie ouzts
  chris manhertz
  zach horton
  luke lachey
  marcedes lewis

=== STEP 5: Adding ESPN Player IDs ===

  Fetching ESPN player list from API...
  Fetched 2688 players from ESPN API
  Saved to espn_players.csv

EXCLUDED ESPN IDs (no match):
  zonovan knight
  zach horton

=== STEP 6: ESPN Projections ===

  Fetching ESPN projections...
  Filtered out 115 players with < 2.5 fpProjPts
  Fetching for 207 players

  [1/207] josh allen ✓ 20.404837704556794
  [2/207] christian mccaffrey ✓ 24.040846503952963
  [3/207] jalen hurts ✓ 22.135821686331596
  [4/207] lamar jackson ✓ 20.994072437093276
  [5/207] patrick mahomes ✓ 21.71105227096076
  [6/207] justin herbert ✓ 15.263130489883556
  [7/207] bijan robinson ✓ 19.782635906207716
  [8/207] dak prescott ✓ 18.587180516454936
  [9/207] matthew stafford ✓ 15.699368138783726
  [10/207] caleb williams ✓ 18.970679161837328
  [11/207] jj mccarthy ✓ 12.579447886882704
  [12/207] joe flacco ✓ 16.969431682815912
  [13/207] brock purdy ✓ 21.055925994082337
  [14/207] josh jacobs ✓ 0.00786685494131477
  [15/207] aaron rodgers ✓ 
  [16/207] jordan love ✓ 18.884893196271097
  [17/207] baker mayfield ✓ 12.001770452229326
  [18/207] jacoby brissett ✓ 17.542096995325153
  [19/207] jaxon smithnjigba ✓ 21.73201206039215
  [20/207] geno smith ✓ 10.832346332425125
  [21/207] sam darnold ✓ 15.246372793920283
  [22/207] jared goff ✓ 14.027590690971824
  [23/207] rico dowdle ✓ 17.051488511505067
  [24/207] bo nix ✓ 18.775373267022754
  [25/207] javonte williams ✓ 13.905244948978682
  [26/207] puka nacua ✓ 16.9293899512046
  [27/207] ashton jeanty ✓ 14.634999039536567
  [28/207] trevor lawrence ✓ 17.508431890674984
  [29/207] jahmyr gibbs ✓ 17.96398167803798
  [30/207] james cook ✓ 14.821864858386213
  [31/207] ceedee lamb ✓ 19.29806272237153
  [32/207] trey mcbride ✓ 15.26916233305785
  [33/207] rashee rice ✓ 16.145872083494766
  [34/207] amonra st brown ✓ 19.10701194721889
  [35/207] davis mills ✓ 13.92759599179222
  [36/207] jaylen warren ✓ 14.38307632055428
  [37/207] jameis winston ✓ 
  [38/207] drake london ✓ 
  [39/207] brock bowers ✓ 14.012492793249727
  [40/207] justin jefferson ✓ 18.459588663671894
  [41/207] saquon barkley ✓ 14.045694801045943
  [42/207] nico collins ✓ 16.541408913868715
  [43/207] emeka egbuka ✓ 17.674837992321855
  [44/207] davante adams ✓ 16.83426206175102
  [45/207] chase brown ✓ 15.005038453270728
  [46/207] derrick henry ✓ 16.427340007458554
  [47/207] george pickens ✓ 17.732248887170805
  [48/207] bryce young ✓ 17.122647901753822
  [49/207] ladd mcconkey ✓ 16.848966879035356
  [50/207] kyren williams ✓ 12.693124205264425
  [51/207] aaron jones sr ✓ 10.53768517723013
  [52/207] travis etienne ✓ 10.569060165371006
  [53/207] kimani vidal ✓ 9.699273884470719
  [54/207] dandre swift ✓ 11.90409694228588
  [55/207] devonta smith ✓ 16.379093427355677
  [56/207] tee higgins ✓ 16.62461195110111
  [57/207] aj brown ✓ 14.214389167295405
  [58/207] dillon gabriel ✓ 0.004327275956778152
  [59/207] quinshon judkins ✓ 12.463950867319056
  [60/207] zay flowers ✓ 15.31011169561743
  [61/207] rome odunze ✓ 15.508471718373434
  [62/207] george kittle ✓ 14.354810353414454
  [63/207] woody marks ✓ 12.74706536963374
  [64/207] dk metcalf ✓ 11.073366004560842
  [65/207] rj harvey ✓ 11.510708828713675
  [66/207] wandale robinson ✓ 15.140767461876077
  [67/207] jameson williams ✓ 13.165427406183223
  [68/207] rachaad white ✓ 4.518254239317585
  [69/207] romeo doubs ✓ 14.64245558241063
  [70/207] jauan jennings ✓ 15.20497973939983
  [71/207] khalil shakir ✓ 14.02524455073024
  [72/207] tetairoa mcmillan ✓ 17.81337729915634
  [73/207] jordan addison ✓ 14.010836075202013
  [74/207] cam ward ✓ 14.303711409832857
  [75/207] quentin johnston ✓ 14.49189854514877
  [76/207] tre tucker ✓ 12.302531598447517
  [77/207] oronde gadsden ✓ 8.390991116195408
  [78/207] tyrone tracy ✓ 8.916840254101404
  [79/207] david montgomery ✓ 12.468349078045728
  [80/207] parker washington ✓ 10.605923877878444
  [81/207] courtland sutton ✓ 15.537803284991211
  [82/207] jake ferguson ✓ 7.423883988224819
  [83/207] troy franklin ✓ 14.538609637120722
  [84/207] dallas goedert ✓ 10.510732177590684
  [85/207] kareem hunt ✓ 6.877164518320067
  [86/207] tez johnson ✓ 8.91276731190208
  [87/207] xavier worthy ✓ 13.930435898911316
  [88/207] travis kelce ✓ 11.267213938917731
  [89/207] keenan allen ✓ 11.104216511106609
  [90/207] cade otton ✓ 7.953370132221604
  [91/207] kyle pitts sr ✓ 9.410002354451505
  [92/207] kenneth walker ✓ 12.857160776581868
  [93/207] michael wilson ✓ 15.671557304541047
  [94/207] theo johnson ✓ 8.30145799340663
  [95/207] zach charbonnet ✓ 9.28242773371841
  [96/207] dj moore ✓ 9.001935339337502
  [97/207] tyjae spears ✓ 9.247012746213006
  [98/207] tony pollard ✓ 9.898488677491
  [99/207] christian watson ✓ 13.876834070084886
  [100/207] kyle monangai ✓ 7.497602897283793

  --- Batch complete. Taking 5s break ---

  [101/207] jerry jeudy ✓ 12.244204356380504
  [102/207] ricky pearsall ✓ 12.33979361952561
  [103/207] dalton schultz ✓ 9.579993430342194
  [104/207] emari demercado ✓ -0.005811112150902012
  [105/207] jakobi meyers ✓ 11.537847176279062
  [106/207] harold fannin ✓ 7.22645781470024
  [107/207] mark andrews ✓ 8.928124832317177
  [108/207] sean tucker ✓ 4.132201539730147
  [109/207] tyler allgeier ✓ 6.668344811124804
  [110/207] nick chubb ✓ 6.29957512484044
  [111/207] rashid shaheed ✓ 9.545815041301166
  [112/207] darnell mooney ✓ 13.792240921468158
  [113/207] jordan mason ✓ 5.219406232655209
  [114/207] calvin austin ✓ 7.995632138214809
  [115/207] cooper kupp ✓ 8.419858334533302
  [116/207] tyler lockett ✓ 9.787528307751948
  [117/207] chimere dike ✓ 5.700698682329165
  [118/207] colston loveland ✓ 5.39064659151861
